#
# A fatal error has been detected by the Java Runtime Environment:
#
#  Internal Error (methodData.cpp:1025), pid=1788, tid=0x0000000000000674
#  Error: ShouldNotReachHere()
#
# JRE version: OpenJDK Runtime Environment (8.0_112-b06) (build 1.8.0_112-release-b06)
# Java VM: OpenJDK 64-Bit Server VM (25.112-b06 mixed mode windows-amd64 compressed oops)
# Failed to write core dump. Minidumps are not enabled by default on client versions of Windows
#
# If you would like to submit a bug report, please visit:
#   http://bugreport.java.com/bugreport/crash.jsp
#

---------------  T H R E A D  ---------------

Current thread (0x0000000016365800):  VMThread [stack: 0x0000000017410000,0x0000000017510000] [id=1652]

Stack: [0x0000000017410000,0x0000000017510000]
[error occurred during error reporting (printing stack bounds), id 0xc0000005]

Native frames: (J=compiled Java code, j=interpreted, Vv=VM code, C=native code)

VM_Operation (0x0000000028b6abe0): ParallelGCFailedAllocation, mode: safepoint, requested by thread 0x000000001c78e000


---------------  P R O C E S S  ---------------

Java Threads: ( => current thread )
  0x0000000019aa9000 JavaThread "Cache update executor" [_thread_blocked, id=8532, stack(0x0000000029970000,0x0000000029a70000)]
  0x0000000019aaa000 JavaThread "Stdin handler" [_thread_blocked, id=5332, stack(0x0000000029870000,0x0000000029970000)]
  0x0000000019aab800 JavaThread "Asynchronous log dispatcher for DefaultDaemonConnection: socket connection from /127.0.0.1:59877 to /127.0.0.1:59280" [_thread_blocked, id=7784, stack(0x0000000029770000,0x0000000029870000)]
  0x0000000019aae800 JavaThread "Cancel handler" [_thread_blocked, id=9420, stack(0x0000000029670000,0x0000000029770000)]
  0x0000000019aaf000 JavaThread "Handler for socket connection from /127.0.0.1:59877 to /127.0.0.1:59280" [_thread_in_native, id=15180, stack(0x0000000029570000,0x0000000029670000)]
  0x000000001c78e000 JavaThread "Daemon worker Thread 5" [_thread_blocked, id=13436, stack(0x0000000028a70000,0x0000000028b70000)]
  0x000000001c78b000 JavaThread "Daemon Thread 5" [_thread_blocked, id=8824, stack(0x0000000028770000,0x0000000028870000)]
  0x000000001c789800 JavaThread "pool-10-thread-1" [_thread_blocked, id=14820, stack(0x0000000027070000,0x0000000027170000)]
  0x0000000019aad800 JavaThread "File lock request listener" [_thread_in_native, id=13748, stack(0x000000001dd60000,0x000000001de60000)]
  0x0000000018e4b000 JavaThread "pool-1-thread-1" [_thread_blocked, id=6672, stack(0x000000001aed0000,0x000000001afd0000)]
  0x0000000018d04800 JavaThread "Incoming local TCP Connector on port 59877" [_thread_in_native, id=13460, stack(0x000000001a210000,0x000000001a310000)]
  0x0000000017e28800 JavaThread "Service Thread" daemon [_thread_blocked, id=4052, stack(0x0000000018200000,0x0000000018300000)]
  0x00000000163aa000 JavaThread "C1 CompilerThread2" daemon [_thread_blocked, id=8424, stack(0x0000000017d00000,0x0000000017e00000)]
  0x000000001639e000 JavaThread "C2 CompilerThread1" daemon [_thread_blocked, id=12412, stack(0x0000000017c00000,0x0000000017d00000)]
  0x000000001639a800 JavaThread "C2 CompilerThread0" daemon [_thread_blocked, id=6512, stack(0x0000000017b00000,0x0000000017c00000)]
  0x0000000016399000 JavaThread "Attach Listener" daemon [_thread_blocked, id=13148, stack(0x0000000017a00000,0x0000000017b00000)]
  0x0000000016398000 JavaThread "Signal Dispatcher" daemon [_thread_blocked, id=13012, stack(0x0000000017900000,0x0000000017a00000)]
  0x000000000144b000 JavaThread "Finalizer" daemon [_thread_blocked, id=10360, stack(0x0000000017610000,0x0000000017710000)]
  0x0000000001440800 JavaThread "Reference Handler" daemon [_thread_blocked, id=10328, stack(0x0000000017510000,0x0000000017610000)]
  0x0000000001350800 JavaThread "main" [_thread_blocked, id=10892, stack(0x0000000001240000,0x0000000001340000)]

Other Threads:
=>0x0000000016365800 VMThread [stack: 0x0000000017410000,0x0000000017510000] [id=1652]
  0x0000000017e29000 WatcherThread [stack: 0x0000000018300000,0x0000000018400000] [id=10796]

VM state:at safepoint (normal execution)

VM Mutex/Monitor currently owned by a thread:  ([mutex/lock_event])
[0x000000000152c740] Threads_lock - owner thread: 0x0000000016365800
[0x000000000152bf40] Heap_lock - owner thread: 0x000000001c78e000

Heap:
 PSYoungGen      total 331264K, used 135346K [0x00000000e0000000, 0x0000000100000000, 0x0000000100000000)
  eden space 195584K, 0% used [0x00000000e0000000,0x00000000e0000000,0x00000000ebf00000)
  from space 135680K, 99% used [0x00000000ebf00000,0x00000000f432c998,0x00000000f4380000)
  to   space 174592K, 0% used [0x00000000f5580000,0x00000000f5580000,0x0000000100000000)
 ParOldGen       total 615936K, used 615755K [0x00000000a0000000, 0x00000000c5980000, 0x00000000e0000000)
  object space 615936K, 99% used [0x00000000a0000000,0x00000000c5952fa8,0x00000000c5980000)
 Metaspace       used 112028K, capacity 116482K, committed 116736K, reserved 1150976K
  class space    used 13946K, capacity 14799K, committed 14848K, reserved 1048576K

Card table byte_map: [0x00000000018f0000,0x0000000001c00000] byte_map_base: 0x00000000013f0000

Marking Bits: (ParMarkBitMap*) 0x000000006d3b18f0
 Begin Bits: [0x0000000012700000, 0x0000000013f00000)
 End Bits:   [0x0000000013f00000, 0x0000000015700000)

Polling page: 0x00000000009b0000

CodeCache: size=245760Kb used=65236Kb max_used=65236Kb free=180523Kb
 bounds [0x0000000003400000, 0x0000000007410000, 0x0000000012400000]
 total_blobs=18484 nmethods=17658 adapters=737
 compilation: enabled

Compilation events (10 events):
Event: 2746.385 Thread 0x00000000163aa000 23031       3       com.sun.tools.javac.comp.Enter::instance (26 bytes)
Event: 2746.386 Thread 0x00000000163aa000 nmethod 23031 0x000000000740d610 code [0x000000000740d7a0, 0x000000000740daf8]
Event: 2746.387 Thread 0x00000000163aa000 23032       3       com.sun.tools.javac.tree.TreeScanner::visitForLoop (33 bytes)
Event: 2746.388 Thread 0x00000000163aa000 nmethod 23032 0x000000000740dc10 code [0x000000000740dda0, 0x000000000740e1f8]
Event: 2746.495 Thread 0x00000000163aa000 23033   !   3       java.io.BufferedWriter::flush (29 bytes)
Event: 2746.496 Thread 0x00000000163aa000 nmethod 23033 0x000000000740e310 code [0x000000000740e4a0, 0x000000000740e8b8]
Event: 2746.496 Thread 0x00000000163aa000 23034       3       com.sun.tools.javac.jvm.ClassReader::instance (27 bytes)
Event: 2746.497 Thread 0x00000000163aa000 nmethod 23034 0x000000000740ea50 code [0x000000000740ebe0, 0x000000000740ef38]
Event: 2746.599 Thread 0x00000000163aa000 23035       3       com.sun.tools.javac.util.Context::put (11 bytes)
Event: 2746.599 Thread 0x00000000163aa000 nmethod 23035 0x000000000740f050 code [0x000000000740f1c0, 0x000000000740f398]

GC Heap History (10 events):
Event: 2721.416 GC heap after
Heap after GC invocations=71 (full 8):
 PSYoungGen      total 366592K, used 16241K [0x00000000e0000000, 0x0000000100000000, 0x0000000100000000)
  eden space 219136K, 0% used [0x00000000e0000000,0x00000000e0000000,0x00000000ed600000)
  from space 147456K, 11% used [0x00000000ed600000,0x00000000ee5dc500,0x00000000f6600000)
  to   space 147968K, 0% used [0x00000000f6f80000,0x00000000f6f80000,0x0000000100000000)
 ParOldGen       total 615424K, used 547998K [0x00000000a0000000, 0x00000000c5900000, 0x00000000e0000000)
  object space 615424K, 89% used [0x00000000a0000000,0x00000000c1727860,0x00000000c5900000)
 Metaspace       used 103525K, capacity 107538K, committed 110720K, reserved 1144832K
  class space    used 12842K, capacity 13629K, committed 14464K, reserved 1048576K
}
Event: 2724.833 GC heap before
{Heap before GC invocations=72 (full 8):
 PSYoungGen      total 366592K, used 235377K [0x00000000e0000000, 0x0000000100000000, 0x0000000100000000)
  eden space 219136K, 100% used [0x00000000e0000000,0x00000000ed600000,0x00000000ed600000)
  from space 147456K, 11% used [0x00000000ed600000,0x00000000ee5dc500,0x00000000f6600000)
  to   space 147968K, 0% used [0x00000000f6f80000,0x00000000f6f80000,0x0000000100000000)
 ParOldGen       total 615424K, used 547998K [0x00000000a0000000, 0x00000000c5900000, 0x00000000e0000000)
  object space 615424K, 89% used [0x00000000a0000000,0x00000000c1727860,0x00000000c5900000)
 Metaspace       used 107614K, capacity 111692K, committed 112256K, reserved 1146880K
  class space    used 13368K, capacity 14170K, committed 14464K, reserved 1048576K
Event: 2724.898 GC heap after
Heap after GC invocations=72 (full 8):
 PSYoungGen      total 374272K, used 81271K [0x00000000e0000000, 0x00000000ffd80000, 0x0000000100000000)
  eden space 228864K, 0% used [0x00000000e0000000,0x00000000e0000000,0x00000000edf80000)
  from space 145408K, 55% used [0x00000000f6f80000,0x00000000fbeddd88,0x00000000ffd80000)
  to   space 146432K, 0% used [0x00000000edf80000,0x00000000edf80000,0x00000000f6e80000)
 ParOldGen       total 615424K, used 549712K [0x00000000a0000000, 0x00000000c5900000, 0x00000000e0000000)
  object space 615424K, 89% used [0x00000000a0000000,0x00000000c18d4318,0x00000000c5900000)
 Metaspace       used 107614K, capacity 111692K, committed 112256K, reserved 1146880K
  class space    used 13368K, capacity 14170K, committed 14464K, reserved 1048576K
}
Event: 2740.727 GC heap before
{Heap before GC invocations=73 (full 8):
 PSYoungGen      total 374272K, used 310135K [0x00000000e0000000, 0x00000000ffd80000, 0x0000000100000000)
  eden space 228864K, 100% used [0x00000000e0000000,0x00000000edf80000,0x00000000edf80000)
  from space 145408K, 55% used [0x00000000f6f80000,0x00000000fbeddd88,0x00000000ffd80000)
  to   space 146432K, 0% used [0x00000000edf80000,0x00000000edf80000,0x00000000f6e80000)
 ParOldGen       total 615424K, used 549712K [0x00000000a0000000, 0x00000000c5900000, 0x00000000e0000000)
  object space 615424K, 89% used [0x00000000a0000000,0x00000000c18d4318,0x00000000c5900000)
 Metaspace       used 107722K, capacity 111910K, committed 112512K, reserved 1146880K
  class space    used 13383K, capacity 14189K, committed 14464K, reserved 1048576K
Event: 2740.802 GC heap after
Heap after GC invocations=73 (full 8):
 PSYoungGen      total 332800K, used 103798K [0x00000000e0000000, 0x0000000100000000, 0x0000000100000000)
  eden space 228864K, 0% used [0x00000000e0000000,0x00000000e0000000,0x00000000edf80000)
  from space 103936K, 99% used [0x00000000edf80000,0x00000000f44dda00,0x00000000f4500000)
  to   space 153088K, 0% used [0x00000000f6a80000,0x00000000f6a80000,0x0000000100000000)
 ParOldGen       total 615424K, used 549728K [0x00000000a0000000, 0x00000000c5900000, 0x00000000e0000000)
  object space 615424K, 89% used [0x00000000a0000000,0x00000000c18d8318,0x00000000c5900000)
 Metaspace       used 107722K, capacity 111910K, committed 112512K, reserved 1146880K
  class space    used 13383K, capacity 14189K, committed 14464K, reserved 1048576K
}
Event: 2745.377 GC heap before
{Heap before GC invocations=74 (full 8):
 PSYoungGen      total 332800K, used 332662K [0x00000000e0000000, 0x0000000100000000, 0x0000000100000000)
  eden space 228864K, 100% used [0x00000000e0000000,0x00000000edf80000,0x00000000edf80000)
  from space 103936K, 99% used [0x00000000edf80000,0x00000000f44dda00,0x00000000f4500000)
  to   space 153088K, 0% used [0x00000000f6a80000,0x00000000f6a80000,0x0000000100000000)
 ParOldGen       total 615424K, used 549728K [0x00000000a0000000, 0x00000000c5900000, 0x00000000e0000000)
  object space 615424K, 89% used [0x00000000a0000000,0x00000000c18d8318,0x00000000c5900000)
 Metaspace       used 108006K, capacity 112404K, committed 112896K, reserved 1146880K
  class space    used 13421K, capacity 14260K, committed 14592K, reserved 1048576K
Event: 2745.480 GC heap after
Heap after GC invocations=74 (full 8):
 PSYoungGen      total 348672K, used 120586K [0x00000000e0000000, 0x0000000100000000, 0x0000000100000000)
  eden space 195584K, 0% used [0x00000000e0000000,0x00000000e0000000,0x00000000ebf00000)
  from space 153088K, 78% used [0x00000000f6a80000,0x00000000fe042a68,0x0000000100000000)
  to   space 164352K, 0% used [0x00000000ebf00000,0x00000000ebf00000,0x00000000f5f80000)
 ParOldGen       total 615424K, used 549848K [0x00000000a0000000, 0x00000000c5900000, 0x00000000e0000000)
  object space 615424K, 89% used [0x00000000a0000000,0x00000000c18f6318,0x00000000c5900000)
 Metaspace       used 108006K, capacity 112404K, committed 112896K, reserved 1146880K
  class space    used 13421K, capacity 14260K, committed 14592K, reserved 1048576K
}
Event: 2746.604 GC heap before
{Heap before GC invocations=75 (full 8):
 PSYoungGen      total 348672K, used 316170K [0x00000000e0000000, 0x0000000100000000, 0x0000000100000000)
  eden space 195584K, 100% used [0x00000000e0000000,0x00000000ebf00000,0x00000000ebf00000)
  from space 153088K, 78% used [0x00000000f6a80000,0x00000000fe042a68,0x0000000100000000)
  to   space 164352K, 0% used [0x00000000ebf00000,0x00000000ebf00000,0x00000000f5f80000)
 ParOldGen       total 615424K, used 549848K [0x00000000a0000000, 0x00000000c5900000, 0x00000000e0000000)
  object space 615424K, 89% used [0x00000000a0000000,0x00000000c18f6318,0x00000000c5900000)
 Metaspace       used 112028K, capacity 116482K, committed 116736K, reserved 1150976K
  class space    used 13946K, capacity 14799K, committed 14848K, reserved 1048576K
Event: 2746.870 GC heap after
Heap after GC invocations=75 (full 8):
 PSYoungGen      total 331264K, used 135346K [0x00000000e0000000, 0x0000000100000000, 0x0000000100000000)
  eden space 195584K, 0% used [0x00000000e0000000,0x00000000e0000000,0x00000000ebf00000)
  from space 135680K, 99% used [0x00000000ebf00000,0x00000000f432c998,0x00000000f4380000)
  to   space 174592K, 0% used [0x00000000f5580000,0x00000000f5580000,0x0000000100000000)
 ParOldGen       total 615936K, used 615755K [0x00000000a0000000, 0x00000000c5980000, 0x00000000e0000000)
  object space 615936K, 99% used [0x00000000a0000000,0x00000000c5952fa8,0x00000000c5980000)
 Metaspace       used 112028K, capacity 116482K, committed 116736K, reserved 1150976K
  class space    used 13946K, capacity 14799K, committed 14848K, reserved 1048576K
}
Event: 2746.870 GC heap before
{Heap before GC invocations=76 (full 9):
 PSYoungGen      total 331264K, used 135346K [0x00000000e0000000, 0x0000000100000000, 0x0000000100000000)
  eden space 195584K, 0% used [0x00000000e0000000,0x00000000e0000000,0x00000000ebf00000)
  from space 135680K, 99% used [0x00000000ebf00000,0x00000000f432c998,0x00000000f4380000)
  to   space 174592K, 0% used [0x00000000f5580000,0x00000000f5580000,0x0000000100000000)
 ParOldGen       total 615936K, used 615755K [0x00000000a0000000, 0x00000000c5980000, 0x00000000e0000000)
  object space 615936K, 99% used [0x00000000a0000000,0x00000000c5952fa8,0x00000000c5980000)
 Metaspace       used 112028K, capacity 116482K, committed 116736K, reserved 1150976K
  class space    used 13946K, capacity 14799K, committed 14848K, reserved 1048576K

Deoptimization events (10 events):
Event: 2716.995 Thread 0x000000001c78e000 Uncommon trap: reason=class_check action=maybe_recompile pc=0x00000000065cbf18 method=com.google.common.collect.AbstractMapBasedMultimap.iteratorOrListIterator(Ljava/util/Collection;)Ljava/util/Iterator; @ 1
Event: 2718.111 Thread 0x000000001c78e000 Uncommon trap: reason=array_check action=maybe_recompile pc=0x0000000004ffe054 method=java.util.ComparableTimSort.binarySort([Ljava/lang/Object;III)V @ 215
Event: 2718.156 Thread 0x000000001c78e000 Uncommon trap: reason=array_check action=maybe_recompile pc=0x0000000005fbb0cc method=java.util.ComparableTimSort.binarySort([Ljava/lang/Object;III)V @ 215
Event: 2718.245 Thread 0x000000001c78e000 Uncommon trap: reason=array_check action=maybe_recompile pc=0x0000000006f95d48 method=java.util.ComparableTimSort.binarySort([Ljava/lang/Object;III)V @ 183
Event: 2718.246 Thread 0x000000001c78e000 Uncommon trap: reason=array_check action=maybe_recompile pc=0x0000000006f95d48 method=java.util.ComparableTimSort.binarySort([Ljava/lang/Object;III)V @ 183
Event: 2718.639 Thread 0x000000001c78e000 Uncommon trap: reason=array_check action=maybe_recompile pc=0x0000000005fbb1c0 method=java.util.ComparableTimSort.binarySort([Ljava/lang/Object;III)V @ 193
Event: 2721.492 Thread 0x000000001c78e000 Uncommon trap: reason=null_check action=make_not_entrant pc=0x00000000070c3340 method=com.sun.org.apache.xpath.internal.patterns.NodeTest.subPartMatchNS(Ljava/lang/String;Ljava/lang/String;)Z @ 25
Event: 2721.502 Thread 0x000000001c78e000 Uncommon trap: reason=null_check action=make_not_entrant pc=0x00000000070bd074 method=com.sun.org.apache.xpath.internal.patterns.NodeTest.subPartMatchNS(Ljava/lang/String;Ljava/lang/String;)Z @ 25
Event: 2721.942 Thread 0x000000001c78e000 Uncommon trap: reason=null_check action=make_not_entrant pc=0x0000000004e5bc88 method=java.lang.ThreadLocal$ThreadLocalMap.set(Ljava/lang/ThreadLocal;Ljava/lang/Object;)V @ 36
Event: 2740.933 Thread 0x000000001c78e000 Uncommon trap: reason=class_check action=maybe_recompile pc=0x00000000065cbf18 method=com.google.common.collect.AbstractMapBasedMultimap.iteratorOrListIterator(Ljava/util/Collection;)Ljava/util/Iterator; @ 1

Internal exceptions (10 events):
Event: 2740.931 Thread 0x000000001c78e000 Exception <a 'sun/nio/fs/WindowsException'> (0x00000000e09a7170) thrown at [C:\src\android\AOSP-openjdk\external\jetbrains\jdk\hotspot\src\share\vm\prims\jni.cpp, line 709]
Event: 2740.931 Thread 0x000000001c78e000 Exception <a 'sun/nio/fs/WindowsException'> (0x00000000e09a7c00) thrown at [C:\src\android\AOSP-openjdk\external\jetbrains\jdk\hotspot\src\share\vm\prims\jni.cpp, line 709]
Event: 2740.931 Thread 0x000000001c78e000 Exception <a 'sun/nio/fs/WindowsException'> (0x00000000e09a96d8) thrown at [C:\src\android\AOSP-openjdk\external\jetbrains\jdk\hotspot\src\share\vm\prims\jni.cpp, line 709]
Event: 2740.931 Thread 0x000000001c78e000 Exception <a 'sun/nio/fs/WindowsException'> (0x00000000e09aa1a0) thrown at [C:\src\android\AOSP-openjdk\external\jetbrains\jdk\hotspot\src\share\vm\prims\jni.cpp, line 709]
Event: 2740.931 Thread 0x000000001c78e000 Exception <a 'sun/nio/fs/WindowsException'> (0x00000000e09ac610) thrown at [C:\src\android\AOSP-openjdk\external\jetbrains\jdk\hotspot\src\share\vm\prims\jni.cpp, line 709]
Event: 2740.931 Thread 0x000000001c78e000 Exception <a 'sun/nio/fs/WindowsException'> (0x00000000e09ad118) thrown at [C:\src\android\AOSP-openjdk\external\jetbrains\jdk\hotspot\src\share\vm\prims\jni.cpp, line 709]
Event: 2740.931 Thread 0x000000001c78e000 Exception <a 'sun/nio/fs/WindowsException'> (0x00000000e09aec68) thrown at [C:\src\android\AOSP-openjdk\external\jetbrains\jdk\hotspot\src\share\vm\prims\jni.cpp, line 709]
Event: 2740.931 Thread 0x000000001c78e000 Exception <a 'sun/nio/fs/WindowsException'> (0x00000000e09af7a8) thrown at [C:\src\android\AOSP-openjdk\external\jetbrains\jdk\hotspot\src\share\vm\prims\jni.cpp, line 709]
Event: 2745.723 Thread 0x000000001c78e000 Exception <a 'java/lang/NoSuchMethodError': <clinit>> (0x00000000e2e4f928) thrown at [C:\src\android\AOSP-openjdk\external\jetbrains\jdk\hotspot\src\share\vm\prims\jni.cpp, line 1613]
Event: 2745.965 Thread 0x000000001c78e000 Exception <a 'java/lang/ClassNotFoundException': com/sun/org/glassfish/hk2/osgiresourcelocator/ServiceLoader> (0x00000000e6534698) thrown at [C:\src\android\AOSP-openjdk\external\jetbrains\jdk\hotspot\src\share\vm\classfile\systemDictionary.cpp, line 210]

Events (10 events):
Event: 2746.381 loading class android/databinding/tool/writer/BindingMapperWriter$write$1$1$5$2$2$1$1$1 done
Event: 2746.381 loading class android/databinding/tool/writer/BindingMapperWriter$write$1$1$6
Event: 2746.381 loading class android/databinding/tool/writer/BindingMapperWriter$write$1$1$6 done
Event: 2746.381 loading class android/databinding/tool/writer/BindingMapperWriter$write$1$1$6$1
Event: 2746.381 loading class android/databinding/tool/writer/BindingMapperWriter$write$1$1$6$1 done
Event: 2746.382 loading class android/databinding/tool/writer/BindingMapperWriter$write$1$1$7
Event: 2746.382 loading class android/databinding/tool/writer/BindingMapperWriter$write$1$1$7 done
Event: 2746.382 loading class android/databinding/tool/writer/BindingMapperWriter$write$1$1$7$1
Event: 2746.382 loading class android/databinding/tool/writer/BindingMapperWriter$write$1$1$7$1 done
Event: 2746.604 Executing VM operation: ParallelGCFailedAllocation


Dynamic libraries:
0x00007ff6d30f0000 - 0x00007ff6d3121000 	C:\Program Files\Android\Android Studio\jre\bin\java.exe
0x00007ffe09ac0000 - 0x00007ffe09c9b000 	C:\WINDOWS\SYSTEM32\ntdll.dll
0x00007ffe097d0000 - 0x00007ffe0987e000 	C:\WINDOWS\System32\KERNEL32.DLL
0x00007ffe06a30000 - 0x00007ffe06c79000 	C:\WINDOWS\System32\KERNELBASE.dll
0x00007ffe09080000 - 0x00007ffe09121000 	C:\WINDOWS\System32\ADVAPI32.dll
0x00007ffe09a20000 - 0x00007ffe09abd000 	C:\WINDOWS\System32\msvcrt.dll
0x00007ffe08780000 - 0x00007ffe087d9000 	C:\WINDOWS\System32\sechost.dll
0x00007ffe08f50000 - 0x00007ffe09075000 	C:\WINDOWS\System32\RPCRT4.dll
0x00007ffe07040000 - 0x00007ffe0718a000 	C:\WINDOWS\System32\USER32.dll
0x00007ffe06790000 - 0x00007ffe067ae000 	C:\WINDOWS\System32\win32u.dll
0x00007ffe085d0000 - 0x00007ffe085f7000 	C:\WINDOWS\System32\GDI32.dll
0x00007ffe06c80000 - 0x00007ffe06e07000 	C:\WINDOWS\System32\gdi32full.dll
0x00007ffe06f10000 - 0x00007ffe06faa000 	C:\WINDOWS\System32\msvcp_win.dll
0x00007ffe06e10000 - 0x00007ffe06f06000 	C:\WINDOWS\System32\ucrtbase.dll
0x00007ffdface0000 - 0x00007ffdfaf47000 	C:\WINDOWS\WinSxS\amd64_microsoft.windows.common-controls_6595b64144ccf1df_6.0.15063.483_none_26002d27e7c744a2\COMCTL32.dll
0x00007ffe091e0000 - 0x00007ffe094d9000 	C:\WINDOWS\System32\combase.dll
0x00007ffe06fb0000 - 0x00007ffe0701a000 	C:\WINDOWS\System32\bcryptPrimitives.dll
0x00007ffe09550000 - 0x00007ffe0957d000 	C:\WINDOWS\System32\IMM32.DLL
0x000000006cb10000 - 0x000000006cbe2000 	C:\Program Files\Android\Android Studio\jre\jre\bin\msvcr100.dll
0x000000006cbf0000 - 0x000000006d42c000 	C:\Program Files\Android\Android Studio\jre\jre\bin\server\jvm.dll
0x00007ffe09610000 - 0x00007ffe09618000 	C:\WINDOWS\System32\PSAPI.DLL
0x00007ffe04440000 - 0x00007ffe0444a000 	C:\WINDOWS\SYSTEM32\VERSION.dll
0x00007ffdfed30000 - 0x00007ffdfed53000 	C:\WINDOWS\SYSTEM32\WINMM.dll
0x00007ffdfed00000 - 0x00007ffdfed2b000 	C:\WINDOWS\SYSTEM32\winmmbase.dll
0x00007ffe066e0000 - 0x00007ffe06729000 	C:\WINDOWS\System32\cfgmgr32.dll
0x00007ffdfb0f0000 - 0x00007ffdfb0f9000 	C:\WINDOWS\SYSTEM32\WSOCK32.dll
0x00007ffe08600000 - 0x00007ffe0866c000 	C:\WINDOWS\System32\WS2_32.dll
0x00007ffdd43e0000 - 0x00007ffdd43ef000 	C:\Program Files\Android\Android Studio\jre\jre\bin\verify.dll
0x00007ffdccfd0000 - 0x00007ffdccff9000 	C:\Program Files\Android\Android Studio\jre\jre\bin\java.dll
0x00007ffdccfb0000 - 0x00007ffdccfc6000 	C:\Program Files\Android\Android Studio\jre\jre\bin\zip.dll
0x00007ffe07190000 - 0x00007ffe085c7000 	C:\WINDOWS\System32\SHELL32.dll
0x00007ffe09130000 - 0x00007ffe091da000 	C:\WINDOWS\System32\shcore.dll
0x00007ffe05fe0000 - 0x00007ffe066d1000 	C:\WINDOWS\System32\windows.storage.dll
0x00007ffe094f0000 - 0x00007ffe09541000 	C:\WINDOWS\System32\shlwapi.dll
0x00007ffe05fc0000 - 0x00007ffe05fd1000 	C:\WINDOWS\System32\kernel.appcore.dll
0x00007ffe05f70000 - 0x00007ffe05fbc000 	C:\WINDOWS\System32\powrprof.dll
0x00007ffe05f30000 - 0x00007ffe05f45000 	C:\WINDOWS\System32\profapi.dll
0x00007ffde0e50000 - 0x00007ffde0e6a000 	C:\Program Files\Android\Android Studio\jre\jre\bin\net.dll
0x00007ffe054b0000 - 0x00007ffe0550c000 	C:\WINDOWS\system32\mswsock.dll
0x00007ffde0e30000 - 0x00007ffde0e41000 	C:\Program Files\Android\Android Studio\jre\jre\bin\nio.dll
0x00007ffe05c00000 - 0x00007ffe05c1e000 	C:\Users\lenovo pc\.gradle\native\23\windows-amd64\native-platform.dll
0x00007ffe059e0000 - 0x00007ffe059f7000 	C:\WINDOWS\SYSTEM32\CRYPTSP.dll
0x00007ffe050d0000 - 0x00007ffe05104000 	C:\WINDOWS\system32\rsaenh.dll
0x00007ffe05e00000 - 0x00007ffe05e25000 	C:\WINDOWS\SYSTEM32\bcrypt.dll
0x00007ffe05e30000 - 0x00007ffe05e59000 	C:\WINDOWS\SYSTEM32\USERENV.dll
0x00007ffe05650000 - 0x00007ffe0565b000 	C:\WINDOWS\SYSTEM32\CRYPTBASE.dll
0x00007ffe05250000 - 0x00007ffe05287000 	C:\WINDOWS\SYSTEM32\IPHLPAPI.DLL
0x00007ffe09600000 - 0x00007ffe09608000 	C:\WINDOWS\System32\NSI.dll
0x00007ffe01100000 - 0x00007ffe01116000 	C:\WINDOWS\SYSTEM32\dhcpcsvc6.DLL
0x00007ffe010e0000 - 0x00007ffe010fa000 	C:\WINDOWS\SYSTEM32\dhcpcsvc.DLL
0x00007ffe01490000 - 0x00007ffe0149d000 	C:\Program Files\Android\Android Studio\jre\jre\bin\management.dll
0x00007ffde2430000 - 0x00007ffde2454000 	C:\Program Files\Android\Android Studio\jre\jre\bin\sunec.dll
0x00007ffe021a0000 - 0x00007ffe021ab000 	C:\Program Files\Android\Android Studio\jre\jre\bin\sunmscapi.dll
0x00007ffe067b0000 - 0x00007ffe06979000 	C:\WINDOWS\System32\CRYPT32.dll
0x00007ffe05f50000 - 0x00007ffe05f61000 	C:\WINDOWS\System32\MSASN1.dll

VM Arguments:
jvm_args: -Xmx1536m -Dfile.encoding=windows-1252 -Duser.country=US -Duser.language=en -Duser.variant 
java_command: org.gradle.launcher.daemon.bootstrap.GradleDaemon 3.3
java_class_path (initial): C:\Users\lenovo pc\.gradle\wrapper\dists\gradle-3.3-all\55gk2rcmfc6p2dg9u9ohc3hw9\gradle-3.3\lib\gradle-launcher-3.3.jar
Launcher Type: SUN_STANDARD

Environment Variables:
PATH=C:\ProgramData\Oracle\Java\javapath;C:\WINDOWS\system32;C:\WINDOWS;C:\WINDOWS\System32\Wbem;C:\WINDOWS\System32\WindowsPowerShell\v1.0\;C:\Program Files (x86)\ATI Technologies\ATI.ACE\Core-Static;C:\Program Files\Intel\WiFi\bin\;C:\Program Files\Common Files\Intel\WirelessCommon\;C:\Program Files\Java\jdk1.8.0_131\bin;C:\Users\lenovo pc\Desktop\apache-tomcat-9.0.0.M26\bin;C:\Users\lenovo pc\AppData\Local\GitHubDesktop\bin;C:\Program Files\Git\cmd;C:\Program Files\Git\bin;C:\Users\lenovo pc\AppData\Local\Android\Sdk\platform-tools;C:\Users\lenovo pc\AppData\Local\Android\Sdk\tools\bin;C:\Users\lenovo pc\AppData\Local\Microsoft\WindowsApps
USERNAME=lenovo pc
OS=Windows_NT
PROCESSOR_IDENTIFIER=Intel64 Family 6 Model 78 Stepping 3, GenuineIntel



---------------  S Y S T E M  ---------------

OS: Windows 10.0 , 64 bit Build 15063 (10.0.15063.296)

CPU:total 4 (2 cores per cpu, 2 threads per core) family 6 model 78 stepping 3, cmov, cx8, fxsr, mmx, sse, sse2, sse3, ssse3, sse4.1, sse4.2, popcnt, avx, avx2, aes, clmul, erms, 3dnowpref, lzcnt, ht, tsc, tscinvbit, bmi1, bmi2, adx

Memory: 4k page, physical 8302336k(1044568k free), swap 14081452k(4768888k free)

vm_info: OpenJDK 64-Bit Server VM (25.112-b06) for windows-amd64 JRE (1.8.0_112-release-b06), built on Dec  8 2016 00:54:26 by "builder" with MS VC++ 10.0 (VS2010)

time: Wed Dec 06 09:08:35 2017
elapsed time: 2747 seconds (0d 0h 45m 47s)

